app/build/intermediates/manifest_merge_blame_file/debug/manifest-merger-blame-debug-report.txt
1<?xml version="1.0" encoding="utf-8"?>
2<manifest xmlns:android="http://schemas.android.com/apk/res/android"
3    package="com.siap.GeoSegalmex"
4    android:versionCode="2"
5    android:versionName="1.7.20.1" >
6
7    <uses-sdk
8        android:minSdkVersion="21"
8-->src\main\AndroidManifest.xml
9        android:targetSdkVersion="30" />
9-->src\main\AndroidManifest.xml
10
11    <uses-permission android:name="android.permission.WRITE_EXTERNAL_STORAGE" />
11-->src\main\AndroidManifest.xml:5:5-81
11-->src\main\AndroidManifest.xml:5:22-78
12    <uses-permission android:name="android.permission.ACCESS_NETWORK_STATE" />
12-->src\main\AndroidManifest.xml:6:5-79
12-->src\main\AndroidManifest.xml:6:22-76
13    <uses-permission android:name="android.permission.ACCESS_COARSE_LOCATION" />
13-->src\main\AndroidManifest.xml:7:5-81
13-->src\main\AndroidManifest.xml:7:22-78
14    <uses-permission android:name="android.permission.ACCESS_FINE_LOCATION" />
14-->src\main\AndroidManifest.xml:8:5-79
14-->src\main\AndroidManifest.xml:8:22-76
15    <uses-permission android:name="android.permission.INTERNET" />
15-->src\main\AndroidManifest.xml:9:5-67
15-->src\main\AndroidManifest.xml:9:22-64
16
17    <uses-feature
17-->src\main\AndroidManifest.xml:11:5-13:35
18        android:name="android.hardware.camera"
18-->src\main\AndroidManifest.xml:12:9-47
19        android:required="true" />
19-->src\main\AndroidManifest.xml:13:9-32
20
21    <uses-permission android:name="android.permission.READ_EXTERNAL_STORAGE" />
21-->src\main\AndroidManifest.xml:15:5-80
21-->src\main\AndroidManifest.xml:15:22-77
22
23    <uses-feature
23-->[com.google.android.gms:play-services-maps:17.0.0] AndroidManifest.xml:26:5-28:35
24        android:glEsVersion="0x00020000"
24-->[com.google.android.gms:play-services-maps:17.0.0] AndroidManifest.xml:27:9-41
25        android:required="true" />
25-->[com.google.android.gms:play-services-maps:17.0.0] AndroidManifest.xml:28:9-32
26
27    <application
27-->src\main\AndroidManifest.xml:17:5-230:19
28        android:allowBackup="true"
28-->src\main\AndroidManifest.xml:18:9-35
29        android:appComponentFactory="androidx.core.app.CoreComponentFactory"
29-->[androidx.core:core:1.3.0] AndroidManifest.xml:24:18-86
30        android:debuggable="true"
31        android:icon="@mipmap/icononor2"
31-->src\main\AndroidManifest.xml:19:9-41
32        android:label="GEOSEGALMEX"
32-->src\main\AndroidManifest.xml:20:9-36
33        android:requestLegacyExternalStorage="true"
33-->src\main\AndroidManifest.xml:21:9-52
34        android:roundIcon="@mipmap/icononor2"
34-->src\main\AndroidManifest.xml:22:9-46
35        android:supportsRtl="true"
35-->src\main\AndroidManifest.xml:23:9-35
36        android:theme="@style/AppTheme"
36-->src\main\AndroidManifest.xml:24:9-40
37        android:usesCleartextTraffic="true" >
37-->src\main\AndroidManifest.xml:25:9-44
38        <activity
38-->src\main\AndroidManifest.xml:26:9-29:52
39            android:name="com.example.geosegalmex.Firma"
39-->src\main\AndroidManifest.xml:27:13-34
40            android:exported="false"
40-->src\main\AndroidManifest.xml:28:13-37
41            android:screenOrientation="portrait" />
41-->src\main\AndroidManifest.xml:29:13-49
42        <activity
42-->src\main\AndroidManifest.xml:30:9-32:40
43            android:name="com.example.geosegalmex.PGBeneficiariosGranosIncentivos.PGBeneficiariosGranosIncentivos"
43-->src\main\AndroidManifest.xml:31:13-92
44            android:exported="false" />
44-->src\main\AndroidManifest.xml:32:13-37
45        <activity
45-->src\main\AndroidManifest.xml:33:9-36:52
46            android:name="com.example.geosegalmex.Liconsa2.LiconsaVerificacion"
46-->src\main\AndroidManifest.xml:34:13-57
47            android:exported="false"
47-->src\main\AndroidManifest.xml:35:13-37
48            android:screenOrientation="portrait" />
48-->src\main\AndroidManifest.xml:36:13-49
49        <activity
49-->src\main\AndroidManifest.xml:37:9-40:52
50            android:name="com.example.geosegalmex.PGBeneficiarioLeche.PGBeneficiarioLeche"
50-->src\main\AndroidManifest.xml:38:13-68
51            android:exported="false"
51-->src\main\AndroidManifest.xml:39:13-37
52            android:screenOrientation="portrait" />
52-->src\main\AndroidManifest.xml:40:13-49
53        <activity
53-->src\main\AndroidManifest.xml:41:9-44:52
54            android:name="com.example.geosegalmex.PGOperativoLeche.PGOperativoLeche"
54-->src\main\AndroidManifest.xml:42:13-62
55            android:exported="false"
55-->src\main\AndroidManifest.xml:43:13-37
56            android:screenOrientation="portrait" />
56-->src\main\AndroidManifest.xml:44:13-49
57        <activity
57-->src\main\AndroidManifest.xml:45:9-48:52
58            android:name="com.example.geosegalmex.PGOperativoGranos.PGOperativoGranos"
58-->src\main\AndroidManifest.xml:46:13-64
59            android:exported="false"
59-->src\main\AndroidManifest.xml:47:13-37
60            android:screenOrientation="portrait" />
60-->src\main\AndroidManifest.xml:48:13-49
61        <activity
61-->src\main\AndroidManifest.xml:49:9-52:52
62            android:name="com.example.geosegalmex.Liconsa.Liconsa"
62-->src\main\AndroidManifest.xml:50:13-44
63            android:exported="true"
63-->src\main\AndroidManifest.xml:51:13-36
64            android:screenOrientation="portrait" />
64-->src\main\AndroidManifest.xml:52:13-49
65        <activity
65-->src\main\AndroidManifest.xml:53:9-56:52
66            android:name="com.example.geosegalmex.PAROperativo.PAR_Operativo"
66-->src\main\AndroidManifest.xml:54:13-55
67            android:exported="true"
67-->src\main\AndroidManifest.xml:55:13-36
68            android:screenOrientation="portrait" />
68-->src\main\AndroidManifest.xml:56:13-49
69        <activity
69-->src\main\AndroidManifest.xml:57:9-60:52
70            android:name="com.example.geosegalmex.PGBeneficiarioGranos.PGBeneficiariosGranos"
70-->src\main\AndroidManifest.xml:58:13-71
71            android:exported="true"
71-->src\main\AndroidManifest.xml:59:13-36
72            android:screenOrientation="portrait" />
72-->src\main\AndroidManifest.xml:60:13-49
73        <activity
73-->src\main\AndroidManifest.xml:61:9-64:52
74            android:name="com.example.geosegalmex.PGOperativoEstimulos.PGOperativoEstimulos"
74-->src\main\AndroidManifest.xml:62:13-70
75            android:exported="true"
75-->src\main\AndroidManifest.xml:63:13-36
76            android:screenOrientation="portrait" />
76-->src\main\AndroidManifest.xml:64:13-49
77        <activity
77-->src\main\AndroidManifest.xml:65:9-68:52
78            android:name="com.example.geosegalmex.PARBeneficiario.PARBeneficiario"
78-->src\main\AndroidManifest.xml:66:13-60
79            android:exported="true"
79-->src\main\AndroidManifest.xml:67:13-36
80            android:screenOrientation="portrait" />
80-->src\main\AndroidManifest.xml:68:13-49
81        <activity
81-->src\main\AndroidManifest.xml:69:9-72:52
82            android:name="com.example.geosegalmex.LiconsaBeneficiario.PASLBeneficiario"
82-->src\main\AndroidManifest.xml:70:13-65
83            android:exported="true"
83-->src\main\AndroidManifest.xml:71:13-36
84            android:screenOrientation="portrait" />
84-->src\main\AndroidManifest.xml:72:13-49
85        <activity
85-->src\main\AndroidManifest.xml:73:9-76:52
86            android:name="com.example.geosegalmex.LiconsaVentanilla.PASLOperativo"
86-->src\main\AndroidManifest.xml:74:13-60
87            android:exported="true"
87-->src\main\AndroidManifest.xml:75:13-36
88            android:screenOrientation="portrait" />
88-->src\main\AndroidManifest.xml:76:13-49
89        <activity
89-->src\main\AndroidManifest.xml:77:9-79:52
90            android:name="com.example.geosegalmex.NewCamara"
90-->src\main\AndroidManifest.xml:78:13-38
91            android:screenOrientation="portrait" />
91-->src\main\AndroidManifest.xml:79:13-49
92        <activity android:name="com.example.geosegalmex.apicola.HerramientasProteccion" />
92-->src\main\AndroidManifest.xml:80:9-68
92-->src\main\AndroidManifest.xml:80:19-65
93        <activity android:name="com.example.geosegalmex.unidadcomercializacion.Apicultura_4" />
93-->src\main\AndroidManifest.xml:81:9-73
93-->src\main\AndroidManifest.xml:81:19-70
94        <activity android:name="com.example.geosegalmex.unidadcomercializacion.Apicultura_3" />
94-->src\main\AndroidManifest.xml:82:9-73
94-->src\main\AndroidManifest.xml:82:19-70
95        <activity android:name="com.example.geosegalmex.unidadcomercializacion.Apicultura_2" />
95-->src\main\AndroidManifest.xml:83:9-73
95-->src\main\AndroidManifest.xml:83:19-70
96        <activity android:name="com.example.geosegalmex.unidadcomercializacion.Apicultura_1" />
96-->src\main\AndroidManifest.xml:84:9-73
96-->src\main\AndroidManifest.xml:84:19-70
97        <activity android:name="com.example.geosegalmex.frutales.frutales_4_0" />
97-->src\main\AndroidManifest.xml:85:9-59
97-->src\main\AndroidManifest.xml:85:19-56
98        <activity android:name="com.example.geosegalmex.unidadcomercializacion.comercializacion_3_1" />
98-->src\main\AndroidManifest.xml:86:9-81
98-->src\main\AndroidManifest.xml:86:19-78
99        <activity android:name="com.example.geosegalmex.caracterizacion.variables_caracterizacion.CalendarioDate" />
99-->src\main\AndroidManifest.xml:87:9-94
99-->src\main\AndroidManifest.xml:87:19-91
100        <activity android:name="com.example.geosegalmex.unidadproduccion.FuenteAgua" />
100-->src\main\AndroidManifest.xml:88:9-65
100-->src\main\AndroidManifest.xml:88:19-62
101        <activity
101-->src\main\AndroidManifest.xml:89:9-91:52
102            android:name="com.example.geosegalmex.Gps.GpsEnableb"
102-->src\main\AndroidManifest.xml:90:13-43
103            android:screenOrientation="portrait" />
103-->src\main\AndroidManifest.xml:91:13-49
104        <activity android:name="com.example.geosegalmex.unidadcaracterizacionhortalizas.FertilizanteSi" />
104-->src\main\AndroidManifest.xml:92:9-84
104-->src\main\AndroidManifest.xml:92:19-81
105        <activity android:name="com.example.geosegalmex.apicola.SanidadApicola" />
105-->src\main\AndroidManifest.xml:93:9-60
105-->src\main\AndroidManifest.xml:93:19-57
106        <activity android:name="com.example.geosegalmex.apicola.ReproduccionApicola" />
106-->src\main\AndroidManifest.xml:94:9-65
106-->src\main\AndroidManifest.xml:94:19-62
107        <activity android:name="com.example.geosegalmex.apicola.ManejoApicola" />
107-->src\main\AndroidManifest.xml:95:9-59
107-->src\main\AndroidManifest.xml:95:19-56
108        <activity android:name="com.example.geosegalmex.apicola.EnfermedadesCambioPanales" />
108-->src\main\AndroidManifest.xml:96:9-71
108-->src\main\AndroidManifest.xml:96:19-68
109        <activity android:name="com.example.geosegalmex.apicola.CosechaApicola" />
109-->src\main\AndroidManifest.xml:97:9-60
109-->src\main\AndroidManifest.xml:97:19-57
110        <activity android:name="com.example.geosegalmex.apicola.CapacitacionAsistenciaApicola" />
110-->src\main\AndroidManifest.xml:98:9-75
110-->src\main\AndroidManifest.xml:98:19-72
111        <activity android:name="com.example.geosegalmex.apicola.AspectosProductivosApicola" />
111-->src\main\AndroidManifest.xml:99:9-72
111-->src\main\AndroidManifest.xml:99:19-69
112        <activity android:name="com.example.geosegalmex.apicola.AlimentacionApicola" />
112-->src\main\AndroidManifest.xml:100:9-65
112-->src\main\AndroidManifest.xml:100:19-62
113        <activity android:name="com.example.geosegalmex.apicola.ApicolaInicio" />
113-->src\main\AndroidManifest.xml:101:9-59
113-->src\main\AndroidManifest.xml:101:19-56
114        <activity android:name="com.example.geosegalmex.unidadcomercializacion.comercializacion_8" />
114-->src\main\AndroidManifest.xml:102:9-79
114-->src\main\AndroidManifest.xml:102:19-76
115        <activity android:name="com.example.geosegalmex.unidadcomercializacion.comercializacion_7" />
115-->src\main\AndroidManifest.xml:103:9-79
115-->src\main\AndroidManifest.xml:103:19-76
116        <activity android:name="com.example.geosegalmex.unidadcomercializacion.comercializacion_6" />
116-->src\main\AndroidManifest.xml:104:9-79
116-->src\main\AndroidManifest.xml:104:19-76
117        <activity android:name="com.example.geosegalmex.unidadcomercializacion.comercializacion_5" />
117-->src\main\AndroidManifest.xml:105:9-79
117-->src\main\AndroidManifest.xml:105:19-76
118        <activity android:name="com.example.geosegalmex.unidadcomercializacion.comercializacion_4" />
118-->src\main\AndroidManifest.xml:106:9-79
118-->src\main\AndroidManifest.xml:106:19-76
119        <activity android:name="com.example.geosegalmex.unidadcomercializacion.comercializacion_3" />
119-->src\main\AndroidManifest.xml:107:9-79
119-->src\main\AndroidManifest.xml:107:19-76
120        <activity android:name="com.example.geosegalmex.unidadcomercializacion.comercializacion_2" />
120-->src\main\AndroidManifest.xml:108:9-79
120-->src\main\AndroidManifest.xml:108:19-76
121        <activity android:name="com.example.geosegalmex.unidadcomercializacion.comercializacion_1" />
121-->src\main\AndroidManifest.xml:109:9-79
121-->src\main\AndroidManifest.xml:109:19-76
122        <activity android:name="com.example.geosegalmex.Productor.ProductorInfo" />
122-->src\main\AndroidManifest.xml:110:9-61
122-->src\main\AndroidManifest.xml:110:19-58
123        <activity android:name="com.example.geosegalmex.Productor.ProductorEconom" />
123-->src\main\AndroidManifest.xml:111:9-63
123-->src\main\AndroidManifest.xml:111:19-60
124        <activity android:name="com.example.geosegalmex.Productor.IntegranteFamilia" />
124-->src\main\AndroidManifest.xml:112:9-65
124-->src\main\AndroidManifest.xml:112:19-62
125        <activity android:name="com.example.geosegalmex.Productor.ProductorFamilia" />
125-->src\main\AndroidManifest.xml:113:9-64
125-->src\main\AndroidManifest.xml:113:19-61
126        <activity android:name="com.example.geosegalmex.infraestructura_1" />
126-->src\main\AndroidManifest.xml:114:9-55
126-->src\main\AndroidManifest.xml:114:19-52
127        <activity android:name="com.example.geosegalmex.frutales.frutales_14" />
127-->src\main\AndroidManifest.xml:115:9-58
127-->src\main\AndroidManifest.xml:115:19-55
128        <activity android:name="com.example.geosegalmex.frutales.frutales_13" />
128-->src\main\AndroidManifest.xml:116:9-58
128-->src\main\AndroidManifest.xml:116:19-55
129        <activity android:name="com.example.geosegalmex.frutales.frutales_12" />
129-->src\main\AndroidManifest.xml:117:9-58
129-->src\main\AndroidManifest.xml:117:19-55
130        <activity android:name="com.example.geosegalmex.frutales.frutales_11" />
130-->src\main\AndroidManifest.xml:118:9-58
130-->src\main\AndroidManifest.xml:118:19-55
131        <activity android:name="com.example.geosegalmex.frutales.frutales_10" />
131-->src\main\AndroidManifest.xml:119:9-58
131-->src\main\AndroidManifest.xml:119:19-55
132        <activity android:name="com.example.geosegalmex.frutales.frutales_9" />
132-->src\main\AndroidManifest.xml:120:9-57
132-->src\main\AndroidManifest.xml:120:19-54
133        <activity android:name="com.example.geosegalmex.frutales.frutales_8" />
133-->src\main\AndroidManifest.xml:121:9-57
133-->src\main\AndroidManifest.xml:121:19-54
134        <activity android:name="com.example.geosegalmex.frutales.frutales_7" />
134-->src\main\AndroidManifest.xml:122:9-57
134-->src\main\AndroidManifest.xml:122:19-54
135        <activity android:name="com.example.geosegalmex.frutales.frutales_6" />
135-->src\main\AndroidManifest.xml:123:9-57
135-->src\main\AndroidManifest.xml:123:19-54
136        <activity android:name="com.example.geosegalmex.frutales.frutales_5" />
136-->src\main\AndroidManifest.xml:124:9-57
136-->src\main\AndroidManifest.xml:124:19-54
137        <activity android:name="com.example.geosegalmex.frutales.frutales_4" />
137-->src\main\AndroidManifest.xml:125:9-57
137-->src\main\AndroidManifest.xml:125:19-54
138        <activity android:name="com.example.geosegalmex.frutales.frutales_3" />
138-->src\main\AndroidManifest.xml:126:9-57
138-->src\main\AndroidManifest.xml:126:19-54
139        <activity android:name="com.example.geosegalmex.frutales.frutales_2" />
139-->src\main\AndroidManifest.xml:127:9-57
139-->src\main\AndroidManifest.xml:127:19-54
140        <activity android:name="com.example.geosegalmex.frutales.frutales_1" />
140-->src\main\AndroidManifest.xml:128:9-57
140-->src\main\AndroidManifest.xml:128:19-54
141        <activity android:name="com.example.geosegalmex.unidadcaracterizacionhortalizas.date.CalendarioActivity" />
141-->src\main\AndroidManifest.xml:129:9-93
141-->src\main\AndroidManifest.xml:129:19-90
142        <activity android:name="com.example.geosegalmex.unidadcaracterizacionhortalizas.TiempoRiego" />
142-->src\main\AndroidManifest.xml:130:9-81
142-->src\main\AndroidManifest.xml:130:19-78
143        <activity android:name="com.example.geosegalmex.unidadcaracterizacionhortalizas.PostCosecha" />
143-->src\main\AndroidManifest.xml:131:9-81
143-->src\main\AndroidManifest.xml:131:19-78
144        <activity android:name="com.example.geosegalmex.unidadcaracterizacionhortalizas.Nutricion" />
144-->src\main\AndroidManifest.xml:132:9-79
144-->src\main\AndroidManifest.xml:132:19-76
145        <activity android:name="com.example.geosegalmex.unidadcaracterizacionhortalizas.HortalizasPvunoD" />
145-->src\main\AndroidManifest.xml:133:9-86
145-->src\main\AndroidManifest.xml:133:19-83
146        <activity android:name="com.example.geosegalmex.unidadcaracterizacionhortalizas.HortalizasPvunoC" />
146-->src\main\AndroidManifest.xml:134:9-86
146-->src\main\AndroidManifest.xml:134:19-83
147        <activity android:name="com.example.geosegalmex.unidadcaracterizacionhortalizas.HortalizasPvunob" />
147-->src\main\AndroidManifest.xml:135:9-86
147-->src\main\AndroidManifest.xml:135:19-83
148        <activity android:name="com.example.geosegalmex.unidadcaracterizacionhortalizas.HortalizasPVuno" />
148-->src\main\AndroidManifest.xml:136:9-85
148-->src\main\AndroidManifest.xml:136:19-82
149        <activity android:name="com.example.geosegalmex.unidadcaracterizacionhortalizas.FoliarRiego" />
149-->src\main\AndroidManifest.xml:137:9-81
149-->src\main\AndroidManifest.xml:137:19-78
150        <activity android:name="com.example.geosegalmex.unidadcaracterizacionhortalizas.CosechaB" />
150-->src\main\AndroidManifest.xml:138:9-78
150-->src\main\AndroidManifest.xml:138:19-75
151        <activity android:name="com.example.geosegalmex.unidadcaracterizacionhortalizas.Cosecha" />
151-->src\main\AndroidManifest.xml:139:9-77
151-->src\main\AndroidManifest.xml:139:19-74
152        <activity android:name="com.example.geosegalmex.unidadcaracterizacionhortalizas.ControlPlagasEnfermC" />
152-->src\main\AndroidManifest.xml:140:9-90
152-->src\main\AndroidManifest.xml:140:19-87
153        <activity android:name="com.example.geosegalmex.unidadcaracterizacionhortalizas.ControlPlagasEnfermB" />
153-->src\main\AndroidManifest.xml:141:9-90
153-->src\main\AndroidManifest.xml:141:19-87
154        <activity android:name="com.example.geosegalmex.unidadcaracterizacionhortalizas.ControlPlagasEnferm" />
154-->src\main\AndroidManifest.xml:142:9-89
154-->src\main\AndroidManifest.xml:142:19-86
155        <activity android:name="com.example.geosegalmex.unidadcaracterizacionhortalizas.ControlMalezas" />
155-->src\main\AndroidManifest.xml:143:9-84
155-->src\main\AndroidManifest.xml:143:19-81
156        <activity android:name="com.example.geosegalmex.unidadcaracterizacionhortalizas.hortalizas" />
156-->src\main\AndroidManifest.xml:144:9-80
156-->src\main\AndroidManifest.xml:144:19-77
157        <activity android:name="com.example.geosegalmex.caracterizacion.ciclo_caracterizacion12" />
157-->src\main\AndroidManifest.xml:145:9-77
157-->src\main\AndroidManifest.xml:145:19-74
158        <activity android:name="com.example.geosegalmex.caracterizacion.ciclo_caracterizacion11" />
158-->src\main\AndroidManifest.xml:146:9-77
158-->src\main\AndroidManifest.xml:146:19-74
159        <activity android:name="com.example.geosegalmex.caracterizacion.ciclo_caracterizacion10" />
159-->src\main\AndroidManifest.xml:147:9-77
159-->src\main\AndroidManifest.xml:147:19-74
160        <activity android:name="com.example.geosegalmex.caracterizacion.ciclo_caracterizacion9" />
160-->src\main\AndroidManifest.xml:148:9-76
160-->src\main\AndroidManifest.xml:148:19-73
161        <activity android:name="com.example.geosegalmex.caracterizacion.ciclo_caracterizacion8" />
161-->src\main\AndroidManifest.xml:149:9-76
161-->src\main\AndroidManifest.xml:149:19-73
162        <activity android:name="com.example.geosegalmex.caracterizacion.ciclo_caracterizacion7" />
162-->src\main\AndroidManifest.xml:150:9-76
162-->src\main\AndroidManifest.xml:150:19-73
163        <activity android:name="com.example.geosegalmex.caracterizacion.ciclo_caracterizacion6" />
163-->src\main\AndroidManifest.xml:151:9-76
163-->src\main\AndroidManifest.xml:151:19-73
164        <activity android:name="com.example.geosegalmex.caracterizacion.ciclo_caracterizacion_tabla" />
164-->src\main\AndroidManifest.xml:152:9-81
164-->src\main\AndroidManifest.xml:152:19-78
165        <activity android:name="com.example.geosegalmex.caracterizacion.ciclo_caracterizacion5" />
165-->src\main\AndroidManifest.xml:153:9-76
165-->src\main\AndroidManifest.xml:153:19-73
166        <activity android:name="com.example.geosegalmex.caracterizacion.ciclo_caracterizacion4" />
166-->src\main\AndroidManifest.xml:154:9-76
166-->src\main\AndroidManifest.xml:154:19-73
167        <activity android:name="com.example.geosegalmex.caracterizacion.ciclo_caracterizacion2" />
167-->src\main\AndroidManifest.xml:155:9-76
167-->src\main\AndroidManifest.xml:155:19-73
168        <activity android:name="com.example.geosegalmex.caracterizacion.ciclo_caracterizacion" />
168-->src\main\AndroidManifest.xml:156:9-75
168-->src\main\AndroidManifest.xml:156:19-72
169        <activity android:name="com.example.geosegalmex.caracterizacion.ciclo_carac" />
169-->src\main\AndroidManifest.xml:157:9-65
169-->src\main\AndroidManifest.xml:157:19-62
170        <activity android:name="com.example.geosegalmex.unidadproduccion.ModalidadHidrica" />
170-->src\main\AndroidManifest.xml:158:9-71
170-->src\main\AndroidManifest.xml:158:19-68
171        <activity android:name="com.example.geosegalmex.unidadproduccion.TenenciaTierra" />
171-->src\main\AndroidManifest.xml:159:9-69
171-->src\main\AndroidManifest.xml:159:19-66
172        <activity android:name="com.example.geosegalmex.unidadproduccion.TiposAlimentosTres" />
172-->src\main\AndroidManifest.xml:160:9-73
172-->src\main\AndroidManifest.xml:160:19-70
173        <activity android:name="com.example.geosegalmex.unidadproduccion.TiposAlimentosDos" />
173-->src\main\AndroidManifest.xml:161:9-72
173-->src\main\AndroidManifest.xml:161:19-69
174        <activity android:name="com.example.geosegalmex.unidadproduccion.TiposAlimentos" />
174-->src\main\AndroidManifest.xml:162:9-69
174-->src\main\AndroidManifest.xml:162:19-66
175        <activity android:name="com.example.geosegalmex.unidadproduccion.ProduccionAcuicola" />
175-->src\main\AndroidManifest.xml:163:9-73
175-->src\main\AndroidManifest.xml:163:19-70
176        <activity android:name="com.example.geosegalmex.unidadproduccion.ProduccionForestal" />
176-->src\main\AndroidManifest.xml:164:9-73
176-->src\main\AndroidManifest.xml:164:19-70
177        <activity android:name="com.example.geosegalmex.unidadproduccion.ProduccionPecuaria" />
177-->src\main\AndroidManifest.xml:165:9-73
177-->src\main\AndroidManifest.xml:165:19-70
178        <activity android:name="com.example.geosegalmex.unidadproduccion.ProduccionAgricola" />
178-->src\main\AndroidManifest.xml:166:9-73
178-->src\main\AndroidManifest.xml:166:19-70
179        <activity android:name="com.example.geosegalmex.unidadproduccion.UnidadProduccion" />
179-->src\main\AndroidManifest.xml:167:9-71
179-->src\main\AndroidManifest.xml:167:19-68
180        <activity android:name="com.example.geosegalmex.Pecuario.EstructuraDelHato" />
180-->src\main\AndroidManifest.xml:168:9-64
180-->src\main\AndroidManifest.xml:168:19-61
181        <activity android:name="com.example.geosegalmex.Pecuario.InventarioGanadoOvino" />
181-->src\main\AndroidManifest.xml:169:9-68
181-->src\main\AndroidManifest.xml:169:19-65
182        <activity android:name="com.example.geosegalmex.Pecuario.InventarioGanBovinoLeche" />
182-->src\main\AndroidManifest.xml:170:9-71
182-->src\main\AndroidManifest.xml:170:19-68
183        <activity android:name="com.example.geosegalmex.Pecuario.InventarioGanCaprino" />
183-->src\main\AndroidManifest.xml:171:9-67
183-->src\main\AndroidManifest.xml:171:19-64
184        <activity android:name="com.example.geosegalmex.Pecuario.ManejoSanitarioOrdenia" />
184-->src\main\AndroidManifest.xml:172:9-69
184-->src\main\AndroidManifest.xml:172:19-66
185        <activity android:name="com.example.geosegalmex.Pecuario.PecuarioAgregarAlimentos" />
185-->src\main\AndroidManifest.xml:173:9-71
185-->src\main\AndroidManifest.xml:173:19-68
186        <activity android:name="com.example.geosegalmex.Pecuario.PecuarioAlimentacionGanado" />
186-->src\main\AndroidManifest.xml:174:9-73
186-->src\main\AndroidManifest.xml:174:19-70
187        <activity android:name="com.example.geosegalmex.Pecuario.PecuarioCaprinos" />
187-->src\main\AndroidManifest.xml:175:9-63
187-->src\main\AndroidManifest.xml:175:19-60
188        <activity android:name="com.example.geosegalmex.Pecuario.PecuarioComposicDietaOvinosCaprinos" />
188-->src\main\AndroidManifest.xml:176:9-82
188-->src\main\AndroidManifest.xml:176:19-79
189        <activity android:name="com.example.geosegalmex.Pecuario.PecuarioDietaOvinosCaprinosAlimentos" />
189-->src\main\AndroidManifest.xml:177:9-83
189-->src\main\AndroidManifest.xml:177:19-80
190        <activity android:name="com.example.geosegalmex.Pecuario.PecuarioEventosUnidadProduccion" />
190-->src\main\AndroidManifest.xml:178:9-78
190-->src\main\AndroidManifest.xml:178:19-75
191        <activity android:name="com.example.geosegalmex.Pecuario.PecuarioInicio" />
191-->src\main\AndroidManifest.xml:179:9-61
191-->src\main\AndroidManifest.xml:179:19-58
192        <activity android:name="com.example.geosegalmex.Pecuario.PecuarioManejoAgostadero" />
192-->src\main\AndroidManifest.xml:180:9-71
192-->src\main\AndroidManifest.xml:180:19-68
193        <activity android:name="com.example.geosegalmex.Pecuario.PecuarioManejoSanGanado" />
193-->src\main\AndroidManifest.xml:181:9-70
193-->src\main\AndroidManifest.xml:181:19-67
194        <activity android:name="com.example.geosegalmex.Pecuario.PecuarioOvinos" />
194-->src\main\AndroidManifest.xml:182:9-61
194-->src\main\AndroidManifest.xml:182:19-58
195        <activity android:name="com.example.geosegalmex.Pecuario.PecuarioParamProdReproductivos" />
195-->src\main\AndroidManifest.xml:183:9-77
195-->src\main\AndroidManifest.xml:183:19-74
196        <activity android:name="com.example.geosegalmex.Pecuario.PecuarioReproduccionGenetica" />
196-->src\main\AndroidManifest.xml:184:9-75
196-->src\main\AndroidManifest.xml:184:19-72
197        <activity android:name="com.example.geosegalmex.Gps.GpsTrayectoria" />
197-->src\main\AndroidManifest.xml:185:9-56
197-->src\main\AndroidManifest.xml:185:19-53
198        <activity android:name="com.example.geosegalmex.Gps.GpsActivity" />
198-->src\main\AndroidManifest.xml:186:9-53
198-->src\main\AndroidManifest.xml:186:19-50
199        <activity
199-->src\main\AndroidManifest.xml:187:9-192:59
200            android:name="com.example.geosegalmex.drawer.DrawerActivity"
200-->src\main\AndroidManifest.xml:188:13-50
201            android:exported="true"
201-->src\main\AndroidManifest.xml:189:13-36
202            android:label="Drawer"
202-->src\main\AndroidManifest.xml:190:13-35
203            android:screenOrientation="portrait"
203-->src\main\AndroidManifest.xml:191:13-49
204            android:theme="@style/AppTheme.NoActionBar" />
204-->src\main\AndroidManifest.xml:192:13-56
205        <activity android:name="com.example.geosegalmex.Georeferencia.GeoreferenciaActivity" />
205-->src\main\AndroidManifest.xml:193:9-73
205-->src\main\AndroidManifest.xml:193:19-70
206        <activity android:name="com.example.geosegalmex.Geo.GeoFotos" />
206-->src\main\AndroidManifest.xml:194:9-50
206-->src\main\AndroidManifest.xml:194:19-47
207        <activity android:name="com.example.geosegalmex.Geo.FotoActivityDos" />
207-->src\main\AndroidManifest.xml:195:9-57
207-->src\main\AndroidManifest.xml:195:19-54
208        <activity android:name="com.example.geosegalmex.Geo.FotoActivityUno" />
208-->src\main\AndroidManifest.xml:196:9-57
208-->src\main\AndroidManifest.xml:196:19-54
209        <activity android:name="com.example.geosegalmex.IdentificacionCuestionario" />
209-->src\main\AndroidManifest.xml:197:9-64
209-->src\main\AndroidManifest.xml:197:19-61
210        <activity
210-->src\main\AndroidManifest.xml:198:9-200:52
211            android:name="com.example.geosegalmex.Segunda"
211-->src\main\AndroidManifest.xml:199:13-36
212            android:screenOrientation="portrait" />
212-->src\main\AndroidManifest.xml:200:13-49
213        <activity
213-->src\main\AndroidManifest.xml:201:9-209:20
214            android:name="com.example.geosegalmex.Principal"
214-->src\main\AndroidManifest.xml:202:13-38
215            android:screenOrientation="portrait" >
215-->src\main\AndroidManifest.xml:203:13-49
216            <intent-filter>
216-->src\main\AndroidManifest.xml:204:13-208:29
217                <action android:name="android.intent.action.MAIN" />
217-->src\main\AndroidManifest.xml:205:17-69
217-->src\main\AndroidManifest.xml:205:25-66
218
219                <category android:name="android.intent.category.LAUNCHER" />
219-->src\main\AndroidManifest.xml:207:17-77
219-->src\main\AndroidManifest.xml:207:27-74
220            </intent-filter>
221        </activity>
222